00:11:10 select cash from memb_info where memb_guid = 8
00:13:33 select cash from memb_info where memb_guid = 8
00:24:02 Load Cash Item List, Type : ;, Index : Group, Amount : Index, UseTime : Amount, Category : Time, Price : Sellhow,SPOP : BuyType
00:24:02 Load Cash Item List, Type : 13, Index : 43, Amount : 0, UseTime : 1440, Category : 0, Price : 100,SPOP : 1
00:24:02 Load Cash Item List, Type : 13, Index : 44, Amount : 0, UseTime : 1440, Category : 0, Price : 100,SPOP : 1
00:24:02 Load Cash Item List, Type : 13, Index : 45, Amount : 0, UseTime : 1440, Category : 0, Price : 100,SPOP : 1
00:24:02 Load Cash Item List, Type : 14, Index : 78, Amount : 0, UseTime : 43200, Category : 0, Price : 100,SPOP : 1
00:24:02 Load Cash Item List, Type : 14, Index : 79, Amount : 0, UseTime : 43200, Category : 0, Price : 100,SPOP : 1
00:24:02 Load Cash Item List, Type : 14, Index : 80, Amount : 0, UseTime : 43200, Category : 0, Price : 100,SPOP : 1
00:24:02 Load Cash Item List, Type : 14, Index : 81, Amount : 0, UseTime : 43200, Category : 0, Price : 100,SPOP : 1
00:24:02 Load Cash Item List, Type : 14, Index : 82, Amount : 0, UseTime : 43200, Category : 0, Price : 100,SPOP : 1
00:24:02 Load Cash Item List, Type : 14, Index : 72, Amount : 0, UseTime : 43200, Category : 0, Price : 100,SPOP : 1
00:24:02 Load Cash Item List, Type : 14, Index : 73, Amount : 0, UseTime : 43200, Category : 0, Price : 100,SPOP : 1
00:24:02 Load Cash Item List, Type : 14, Index : 74, Amount : 0, UseTime : 43200, Category : 0, Price : 100,SPOP : 1
00:24:02 Load Cash Item List, Type : 14, Index : 75, Amount : 0, UseTime : 43200, Category : 0, Price : 100,SPOP : 1
00:24:02 Load Cash Item List, Type : 14, Index : 76, Amount : 0, UseTime : 43200, Category : 0, Price : 100,SPOP : 1
00:24:02 Load Cash Item List, Type : 14, Index : 77, Amount : 0, UseTime : 43200, Category : 0, Price : 100,SPOP : 1
00:24:02 Load Cash Item List, Type : 0, Index : 1, Amount : 0, UseTime : 0, Category : 1, Price : 5,SPOP : 0
00:24:02 Load Cash Item List, Type : 0, Index : 2, Amount : 0, UseTime : 0, Category : 1, Price : 10,SPOP : 0
00:24:02 Load Cash Item List, Type : 0, Index : 3, Amount : 0, UseTime : 0, Category : 1, Price : 15,SPOP : 0
00:24:02 Load Cash Item List, Type : 0, Index : 4, Amount : 0, UseTime : 0, Category : 1, Price : 15,SPOP : 0
00:24:02 Load Cash Item List, Type : 0, Index : 5, Amount : 0, UseTime : 0, Category : 1, Price : 15,SPOP : 0
00:24:02 Load Cash Item List, Type : 0, Index : 6, Amount : 0, UseTime : 0, Category : 1, Price : 15,SPOP : 0
00:24:02 Load Cash Item List, Type : 0, Index : 7, Amount : 0, UseTime : 0, Category : 1, Price : 15,SPOP : 0
00:24:02 Load Cash Item List, Type : 0, Index : 8, Amount : 0, UseTime : 0, Category : 1, Price : 15,SPOP : 0
00:24:02 Load Cash Item List, Type : 0, Index : 9, Amount : 0, UseTime : 0, Category : 1, Price : 15,SPOP : 0
00:24:02 Load Cash Item List, Type : 0, Index : 10, Amount : 0, UseTime : 0, Category : 1, Price : 15,SPOP : 0
00:24:02 Load Cash Item List, Type : 0, Index : 11, Amount : 0, UseTime : 0, Category : 1, Price : 20,SPOP : 0
00:24:02 Load Cash Item List, Type : 0, Index : 12, Amount : 0, UseTime : 0, Category : 1, Price : 20,SPOP : 0
00:24:02 Load Cash Item List, Type : 0, Index : 13, Amount : 0, UseTime : 0, Category : 1, Price : 20,SPOP : 0
00:24:02 Load Cash Item List, Type : 0, Index : 14, Amount : 0, UseTime : 0, Category : 1, Price : 20,SPOP : 0
00:24:02 Load Cash Item List, Type : 0, Index : 15, Amount : 0, UseTime : 0, Category : 1, Price : 25,SPOP : 0
00:24:02 Load Cash Item List, Type : 0, Index : 16, Amount : 0, UseTime : 0, Category : 1, Price : 30,SPOP : 0
00:24:02 Load Cash Item List, Type : 0, Index : 17, Amount : 0, UseTime : 0, Category : 1, Price : 35,SPOP : 0
00:24:02 Load Cash Item List, Type : 0, Index : 18, Amount : 0, UseTime : 0, Category : 1, Price : 35,SPOP : 0
00:24:02 Load Cash Item List, Type : 0, Index : 19, Amount : 0, UseTime : 0, Category : 1, Price : 40,SPOP : 0
00:24:02 Load Cash Item List, Type : 0, Index : 20, Amount : 0, UseTime : 0, Category : 1, Price : 50,SPOP : 0
00:24:02 Load Cash Item List, Type : 0, Index : 21, Amount : 0, UseTime : 0, Category : 1, Price : 50,SPOP : 0
00:24:02 Load Cash Item List, Type : 0, Index : 22, Amount : 0, UseTime : 0, Category : 1, Price : 80,SPOP : 0
00:24:02 Load Cash Item List, Type : 0, Index : 23, Amount : 0, UseTime : 0, Category : 1, Price : 80,SPOP : 0
00:24:02 Load Cash Item List, Type : 0, Index : 24, Amount : 0, UseTime : 0, Category : 1, Price : 70,SPOP : 0
00:24:02 Load Cash Item List, Type : 0, Index : 25, Amount : 0, UseTime : 0, Category : 1, Price : 70,SPOP : 0
00:24:02 Load Cash Item List, Type : 0, Index : 31, Amount : 0, UseTime : 0, Category : 1, Price : 50,SPOP : 0
00:24:02 Load Cash Item List, Type : 1, Index : 0, Amount : 0, UseTime : 0, Category : 1, Price : 5,SPOP : 0
00:24:02 Load Cash Item List, Type : 1, Index : 1, Amount : 0, UseTime : 0, Category : 1, Price : 5,SPOP : 0
00:24:02 Load Cash Item List, Type : 1, Index : 2, Amount : 0, UseTime : 0, Category : 1, Price : 5,SPOP : 0
00:24:02 Load Cash Item List, Type : 1, Index : 3, Amount : 0, UseTime : 0, Category : 1, Price : 5,SPOP : 0
00:24:02 Load Cash Item List, Type : 1, Index : 4, Amount : 0, UseTime : 0, Category : 1, Price : 5,SPOP : 0
00:24:02 Load Cash Item List, Type : 1, Index : 5, Amount : 0, UseTime : 0, Category : 1, Price : 5,SPOP : 0
00:24:02 Load Cash Item List, Type : 1, Index : 6, Amount : 0, UseTime : 0, Category : 1, Price : 5,SPOP : 0
00:24:02 Load Cash Item List, Type : 1, Index : 7, Amount : 0, UseTime : 0, Category : 1, Price : 5,SPOP : 0
00:24:02 Load Cash Item List, Type : 1, Index : 8, Amount : 0, UseTime : 0, Category : 1, Price : 10,SPOP : 0
00:24:02 Load Cash Item List, Type : 2, Index : 0, Amount : 0, UseTime : 0, Category : 1, Price : 5,SPOP : 0
00:24:02 Load Cash Item List, Type : 2, Index : 1, Amount : 0, UseTime : 0, Category : 1, Price : 5,SPOP : 0
00:24:02 Load Cash Item List, Type : 2, Index : 2, Amount : 0, UseTime : 0, Category : 1, Price : 5,SPOP : 0
00:24:02 Load Cash Item List, Type : 2, Index : 3, Amount : 0, UseTime : 0, Category : 1, Price : 5,SPOP : 0
00:24:02 Load Cash Item List, Type : 2, Index : 4, Amount : 0, UseTime : 0, Category : 1, Price : 5,SPOP : 0
00:24:02 Load Cash Item List, Type : 2, Index : 5, Amount : 0, UseTime : 0, Category : 1, Price : 5,SPOP : 0
00:24:02 Load Cash Item List, Type : 2, Index : 6, Amount : 0, UseTime : 0, Category : 1, Price : 30,SPOP : 0
00:24:02 Load Cash Item List, Type : 2, Index : 7, Amount : 0, UseTime : 0, Category : 1, Price : 10,SPOP : 0
00:24:02 Load Cash Item List, Type : 2, Index : 8, Amount : 0, UseTime : 0, Category : 1, Price : 10,SPOP : 0
00:24:02 Load Cash Item List, Type : 2, Index : 9, Amount : 0, UseTime : 0, Category : 1, Price : 20,SPOP : 0
00:24:02 Load Cash Item List, Type : 2, Index : 10, Amount : 0, UseTime : 0, Category : 1, Price : 25,SPOP : 0
00:24:02 Load Cash Item List, Type : 2, Index : 11, Amount : 0, UseTime : 0, Category : 1, Price : 25,SPOP : 0
00:24:02 Load Cash Item List, Type : 2, Index : 12, Amount : 0, UseTime : 0, Category : 1, Price : 30,SPOP : 0
00:24:02 Load Cash Item List, Type : 2, Index : 13, Amount : 0, UseTime : 0, Category : 1, Price : 35,SPOP : 0
00:24:02 Load Cash Item List, Type : 2, Index : 14, Amount : 0, UseTime : 0, Category : 1, Price : 50,SPOP : 0
00:24:02 Load Cash Item List, Type : 2, Index : 15, Amount : 0, UseTime : 0, Category : 1, Price : 60,SPOP : 0
00:24:02 Load Cash Item List, Type : 3, Index : 0, Amount : 0, UseTime : 0, Category : 1, Price : 10,SPOP : 0
00:24:02 Load Cash Item List, Type : 3, Index : 1, Amount : 0, UseTime : 0, Category : 1, Price : 10,SPOP : 0
00:24:02 Load Cash Item List, Type : 3, Index : 2, Amount : 0, UseTime : 0, Category : 1, Price : 10,SPOP : 0
00:24:02 Load Cash Item List, Type : 3, Index : 3, Amount : 0, UseTime : 0, Category : 1, Price : 10,SPOP : 0
00:24:02 Load Cash Item List, Type : 3, Index : 4, Amount : 0, UseTime : 0, Category : 1, Price : 10,SPOP : 0
00:24:02 Load Cash Item List, Type : 3, Index : 5, Amount : 0, UseTime : 0, Category : 1, Price : 10,SPOP : 0
00:24:02 Load Cash Item List, Type : 3, Index : 6, Amount : 0, UseTime : 0, Category : 1, Price : 20,SPOP : 0
00:24:02 Load Cash Item List, Type : 3, Index : 7, Amount : 0, UseTime : 0, Category : 1, Price : 20,SPOP : 0
00:24:02 Load Cash Item List, Type : 3, Index : 8, Amount : 0, UseTime : 0, Category : 1, Price : 20,SPOP : 0
00:24:02 Load Cash Item List, Type : 3, Index : 9, Amount : 0, UseTime : 0, Category : 1, Price : 25,SPOP : 0
00:24:02 Load Cash Item List, Type : 3, Index : 10, Amount : 0, UseTime : 0, Category : 1, Price : 25,SPOP : 0
00:24:02 Load Cash Item List, Type : 4, Index : 0, Amount : 0, UseTime : 0, Category : 2, Price : 5,SPOP : 0
00:24:02 Load Cash Item List, Type : 4, Index : 1, Amount : 0, UseTime : 0, Category : 2, Price : 1,SPOP : 0
00:24:02 Load Cash Item List, Type : 4, Index : 2, Amount : 0, UseTime : 0, Category : 2, Price : 10,SPOP : 0
00:24:02 Load Cash Item List, Type : 4, Index : 3, Amount : 0, UseTime : 0, Category : 2, Price : 10,SPOP : 0
00:24:02 Load Cash Item List, Type : 4, Index : 4, Amount : 0, UseTime : 0, Category : 2, Price : 15,SPOP : 0
00:24:02 Load Cash Item List, Type : 4, Index : 5, Amount : 0, UseTime : 0, Category : 2, Price : 20,SPOP : 0
00:24:02 Load Cash Item List, Type : 4, Index : 6, Amount : 0, UseTime : 0, Category : 2, Price : 30,SPOP : 0
00:24:02 Load Cash Item List, Type : 4, Index : 8, Amount : 0, UseTime : 0, Category : 2, Price : 10,SPOP : 0
00:24:02 Load Cash Item List, Type : 4, Index : 9, Amount : 0, UseTime : 0, Category : 2, Price : 10,SPOP : 0
00:24:02 Load Cash Item List, Type : 4, Index : 10, Amount : 0, UseTime : 0, Category : 2, Price : 10,SPOP : 0
00:24:02 Load Cash Item List, Type : 4, Index : 11, Amount : 0, UseTime : 0, Category : 2, Price : 10,SPOP : 0
00:24:02 Load Cash Item List, Type : 4, Index : 12, Amount : 0, UseTime : 0, Category : 2, Price : 10,SPOP : 0
00:24:02 Load Cash Item List, Type : 4, Index : 13, Amount : 0, UseTime : 0, Category : 2, Price : 10,SPOP : 0
00:24:02 Load Cash Item List, Type : 4, Index : 14, Amount : 0, UseTime : 0, Category : 2, Price : 15,SPOP : 0
00:24:02 Load Cash Item List, Type : 4, Index : 16, Amount : 0, UseTime : 0, Category : 2, Price : 25,SPOP : 0
00:24:02 Load Cash Item List, Type : 4, Index : 17, Amount : 0, UseTime : 0, Category : 2, Price : 30,SPOP : 0
00:24:02 Load Cash Item List, Type : 4, Index : 18, Amount : 0, UseTime : 0, Category : 2, Price : 30,SPOP : 0
00:24:02 Load Cash Item List, Type : 4, Index : 19, Amount : 0, UseTime : 0, Category : 2, Price : 35,SPOP : 0
00:24:02 Load Cash Item List, Type : 4, Index : 20, Amount : 0, UseTime : 0, Category : 2, Price : 40,SPOP : 0
00:24:02 Load Cash Item List, Type : 4, Index : 21, Amount : 0, UseTime : 0, Category : 2, Price : 45,SPOP : 0
00:24:02 Load Cash Item List, Type : 4, Index : 22, Amount : 0, UseTime : 0, Category : 2, Price : 50,SPOP : 0
00:24:02 Load Cash Item List, Type : 5, Index : 0, Amount : 0, UseTime : 0, Category : 3, Price : 5,SPOP : 0
00:24:02 Load Cash Item List, Type : 5, Index : 1, Amount : 0, UseTime : 0, Category : 3, Price : 5,SPOP : 0
00:24:02 Load Cash Item List, Type : 5, Index : 2, Amount : 0, UseTime : 0, Category : 3, Price : 5,SPOP : 0
00:24:02 Load Cash Item List, Type : 5, Index : 3, Amount : 0, UseTime : 0, Category : 3, Price : 5,SPOP : 0
00:24:02 Load Cash Item List, Type : 5, Index : 4, Amount : 0, UseTime : 0, Category : 3, Price : 10,SPOP : 0
00:24:02 Load Cash Item List, Type : 5, Index : 5, Amount : 0, UseTime : 0, Category : 3, Price : 20,SPOP : 0
00:24:02 Load Cash Item List, Type : 5, Index : 6, Amount : 0, UseTime : 0, Category : 3, Price : 20,SPOP : 0
00:24:02 Load Cash Item List, Type : 5, Index : 7, Amount : 0, UseTime : 0, Category : 3, Price : 30,SPOP : 0
00:24:02 Load Cash Item List, Type : 5, Index : 8, Amount : 0, UseTime : 0, Category : 3, Price : 25,SPOP : 0
00:24:02 Load Cash Item List, Type : 5, Index : 9, Amount : 0, UseTime : 0, Category : 3, Price : 30,SPOP : 0
00:24:02 Load Cash Item List, Type : 5, Index : 10, Amount : 0, UseTime : 0, Category : 3, Price : 40,SPOP : 0
00:24:02 Load Cash Item List, Type : 5, Index : 11, Amount : 0, UseTime : 0, Category : 3, Price : 50,SPOP : 0
00:24:02 Load Cash Item List, Type : 5, Index : 12, Amount : 0, UseTime : 0, Category : 3, Price : 60,SPOP : 0
00:24:02 Load Cash Item List, Type : 5, Index : 13, Amount : 0, UseTime : 0, Category : 3, Price : 80,SPOP : 0
00:24:02 Load Cash Item List, Type : 6, Index : 0, Amount : 0, UseTime : 0, Category : 4, Price : 5,SPOP : 0
00:24:02 Load Cash Item List, Type : 6, Index : 1, Amount : 0, UseTime : 0, Category : 4, Price : 10,SPOP : 0
00:24:02 Load Cash Item List, Type : 6, Index : 2, Amount : 0, UseTime : 0, Category : 4, Price : 10,SPOP : 0
00:24:02 Load Cash Item List, Type : 6, Index : 3, Amount : 0, UseTime : 0, Category : 4, Price : 10,SPOP : 0
00:24:02 Load Cash Item List, Type : 6, Index : 4, Amount : 0, UseTime : 0, Category : 4, Price : 10,SPOP : 0
00:24:02 Load Cash Item List, Type : 6, Index : 5, Amount : 0, UseTime : 0, Category : 4, Price : 10,SPOP : 0
00:24:02 Load Cash Item List, Type : 6, Index : 6, Amount : 0, UseTime : 0, Category : 4, Price : 15,SPOP : 0
00:24:02 Load Cash Item List, Type : 6, Index : 7, Amount : 0, UseTime : 0, Category : 4, Price : 15,SPOP : 0
00:24:02 Load Cash Item List, Type : 6, Index : 8, Amount : 0, UseTime : 0, Category : 4, Price : 15,SPOP : 0
00:24:02 Load Cash Item List, Type : 6, Index : 9, Amount : 0, UseTime : 0, Category : 4, Price : 20,SPOP : 0
00:24:02 Load Cash Item List, Type : 6, Index : 10, Amount : 0, UseTime : 0, Category : 4, Price : 20,SPOP : 0
00:24:02 Load Cash Item List, Type : 6, Index : 11, Amount : 0, UseTime : 0, Category : 4, Price : 20,SPOP : 0
00:24:02 Load Cash Item List, Type : 6, Index : 12, Amount : 0, UseTime : 0, Category : 4, Price : 30,SPOP : 0
00:24:02 Load Cash Item List, Type : 6, Index : 13, Amount : 0, UseTime : 0, Category : 4, Price : 40,SPOP : 0
00:24:02 Load Cash Item List, Type : 6, Index : 14, Amount : 0, UseTime : 0, Category : 4, Price : 40,SPOP : 0
00:24:02 Load Cash Item List, Type : 6, Index : 15, Amount : 0, UseTime : 0, Category : 4, Price : 40,SPOP : 0
00:24:02 Load Cash Item List, Type : 6, Index : 16, Amount : 0, UseTime : 0, Category : 4, Price : 30,SPOP : 0
00:24:02 Load Cash Item List, Type : 7, Index : 0, Amount : 0, UseTime : 0, Category : 5, Price : 10,SPOP : 0
00:24:02 Load Cash Item List, Type : 7, Index : 1, Amount : 0, UseTime : 0, Category : 5, Price : 10,SPOP : 0
00:24:03 Load Cash Item List, Type : 7, Index : 2, Amount : 0, UseTime : 0, Category : 5, Price : 10,SPOP : 0
00:24:03 Load Cash Item List, Type : 7, Index : 3, Amount : 0, UseTime : 0, Category : 5, Price : 15,SPOP : 0
00:24:03 Load Cash Item List, Type : 7, Index : 4, Amount : 0, UseTime : 0, Category : 5, Price : 15,SPOP : 0
00:24:03 Load Cash Item List, Type : 7, Index : 5, Amount : 0, UseTime : 0, Category : 5, Price : 15,SPOP : 0
00:24:03 Load Cash Item List, Type : 7, Index : 6, Amount : 0, UseTime : 0, Category : 5, Price : 15,SPOP : 0
00:24:03 Load Cash Item List, Type : 7, Index : 7, Amount : 0, UseTime : 0, Category : 5, Price : 15,SPOP : 0
00:24:03 Load Cash Item List, Type : 7, Index : 8, Amount : 0, UseTime : 0, Category : 5, Price : 15,SPOP : 0
00:24:03 Load Cash Item List, Type : 7, Index : 9, Amount : 0, UseTime : 0, Category : 5, Price : 15,SPOP : 0
00:24:03 Load Cash Item List, Type : 7, Index : 10, Amount : 0, UseTime : 0, Category : 5, Price : 15,SPOP : 0
00:24:03 Load Cash Item List, Type : 7, Index : 11, Amount : 0, UseTime : 0, Category : 5, Price : 15,SPOP : 0
00:24:03 Load Cash Item List, Type : 7, Index : 12, Amount : 0, UseTime : 0, Category : 5, Price : 15,SPOP : 0
00:24:03 Load Cash Item List, Type : 7, Index : 13, Amount : 0, UseTime : 0, Category : 5, Price : 15,SPOP : 0
00:24:03 Load Cash Item List, Type : 7, Index : 14, Amount : 0, UseTime : 0, Category : 5, Price : 15,SPOP : 0
00:24:03 Load Cash Item List, Type : 7, Index : 16, Amount : 0, UseTime : 0, Category : 5, Price : 20,SPOP : 0
00:24:03 Load Cash Item List, Type : 7, Index : 17, Amount : 0, UseTime : 0, Category : 5, Price : 20,SPOP : 0
00:24:03 Load Cash Item List, Type : 7, Index : 18, Amount : 0, UseTime : 0, Category : 5, Price : 20,SPOP : 0
00:24:03 Load Cash Item List, Type : 7, Index : 19, Amount : 0, UseTime : 0, Category : 5, Price : 20,SPOP : 0
00:24:03 Load Cash Item List, Type : 7, Index : 21, Amount : 0, UseTime : 0, Category : 5, Price : 25,SPOP : 0
00:24:03 Load Cash Item List, Type : 7, Index : 22, Amount : 0, UseTime : 0, Category : 5, Price : 25,SPOP : 0
00:24:03 Load Cash Item List, Type : 7, Index : 24, Amount : 0, UseTime : 0, Category : 5, Price : 25,SPOP : 0
00:24:03 Load Cash Item List, Type : 7, Index : 25, Amount : 0, UseTime : 0, Category : 5, Price : 25,SPOP : 0
00:24:03 Load Cash Item List, Type : 7, Index : 26, Amount : 0, UseTime : 0, Category : 5, Price : 20,SPOP : 0
00:24:03 Load Cash Item List, Type : 7, Index : 27, Amount : 0, UseTime : 0, Category : 5, Price : 20,SPOP : 0
00:24:03 Load Cash Item List, Type : 7, Index : 28, Amount : 0, UseTime : 0, Category : 5, Price : 25,SPOP : 0
00:24:03 Load Cash Item List, Type : 7, Index : 29, Amount : 0, UseTime : 0, Category : 5, Price : 30,SPOP : 0
00:24:03 Load Cash Item List, Type : 7, Index : 30, Amount : 0, UseTime : 0, Category : 5, Price : 30,SPOP : 0
00:24:03 Load Cash Item List, Type : 7, Index : 31, Amount : 0, UseTime : 0, Category : 5, Price : 30,SPOP : 0
00:24:03 Load Cash Item List, Type : 7, Index : 33, Amount : 0, UseTime : 0, Category : 5, Price : 30,SPOP : 0
00:24:03 Load Cash Item List, Type : 7, Index : 34, Amount : 0, UseTime : 0, Category : 5, Price : 30,SPOP : 0
00:24:03 Load Cash Item List, Type : 7, Index : 35, Amount : 0, UseTime : 0, Category : 5, Price : 35,SPOP : 0
00:24:03 Load Cash Item List, Type : 7, Index : 36, Amount : 0, UseTime : 0, Category : 5, Price : 35,SPOP : 0
00:24:03 Load Cash Item List, Type : 7, Index : 38, Amount : 0, UseTime : 0, Category : 5, Price : 35,SPOP : 0
00:24:03 Load Cash Item List, Type : 8, Index : 0, Amount : 0, UseTime : 0, Category : 6, Price : 10,SPOP : 0
00:24:03 Load Cash Item List, Type : 8, Index : 1, Amount : 0, UseTime : 0, Category : 6, Price : 10,SPOP : 0
00:24:03 Load Cash Item List, Type : 8, Index : 2, Amount : 0, UseTime : 0, Category : 6, Price : 10,SPOP : 0
00:24:03 Load Cash Item List, Type : 8, Index : 3, Amount : 0, UseTime : 0, Category : 6, Price : 15,SPOP : 0
00:24:03 Load Cash Item List, Type : 8, Index : 4, Amount : 0, UseTime : 0, Category : 6, Price : 15,SPOP : 0
00:24:03 Load Cash Item List, Type : 8, Index : 5, Amount : 0, UseTime : 0, Category : 6, Price : 15,SPOP : 0
00:24:03 Load Cash Item List, Type : 8, Index : 6, Amount : 0, UseTime : 0, Category : 6, Price : 15,SPOP : 0
00:24:03 Load Cash Item List, Type : 8, Index : 7, Amount : 0, UseTime : 0, Category : 6, Price : 15,SPOP : 0
00:24:03 Load Cash Item List, Type : 8, Index : 8, Amount : 0, UseTime : 0, Category : 6, Price : 15,SPOP : 0
00:24:03 Load Cash Item List, Type : 8, Index : 9, Amount : 0, UseTime : 0, Category : 6, Price : 15,SPOP : 0
00:24:03 Load Cash Item List, Type : 8, Index : 10, Amount : 0, UseTime : 0, Category : 6, Price : 15,SPOP : 0
00:24:03 Load Cash Item List, Type : 8, Index : 11, Amount : 0, UseTime : 0, Category : 6, Price : 15,SPOP : 0
00:24:03 Load Cash Item List, Type : 8, Index : 12, Amount : 0, UseTime : 0, Category : 6, Price : 15,SPOP : 0
00:24:03 Load Cash Item List, Type : 8, Index : 13, Amount : 0, UseTime : 0, Category : 6, Price : 15,SPOP : 0
00:24:03 Load Cash Item List, Type : 8, Index : 14, Amount : 0, UseTime : 0, Category : 6, Price : 15,SPOP : 0
00:24:03 Load Cash Item List, Type : 8, Index : 15, Amount : 0, UseTime : 0, Category : 6, Price : 15,SPOP : 0
00:24:03 Load Cash Item List, Type : 8, Index : 16, Amount : 0, UseTime : 0, Category : 6, Price : 20,SPOP : 0
00:24:03 Load Cash Item List, Type : 8, Index : 17, Amount : 0, UseTime : 0, Category : 6, Price : 20,SPOP : 0
00:24:03 Load Cash Item List, Type : 8, Index : 18, Amount : 0, UseTime : 0, Category : 6, Price : 20,SPOP : 0
00:24:03 Load Cash Item List, Type : 8, Index : 19, Amount : 0, UseTime : 0, Category : 6, Price : 20,SPOP : 0
00:24:03 Load Cash Item List, Type : 8, Index : 20, Amount : 0, UseTime : 0, Category : 6, Price : 20,SPOP : 0
00:24:03 Load Cash Item List, Type : 8, Index : 21, Amount : 0, UseTime : 0, Category : 6, Price : 25,SPOP : 0
00:24:03 Load Cash Item List, Type : 8, Index : 22, Amount : 0, UseTime : 0, Category : 6, Price : 25,SPOP : 0
00:24:03 Load Cash Item List, Type : 8, Index : 23, Amount : 0, UseTime : 0, Category : 6, Price : 25,SPOP : 0
00:24:03 Load Cash Item List, Type : 8, Index : 24, Amount : 0, UseTime : 0, Category : 6, Price : 25,SPOP : 0
00:24:03 Load Cash Item List, Type : 8, Index : 25, Amount : 0, UseTime : 0, Category : 6, Price : 25,SPOP : 0
00:24:03 Load Cash Item List, Type : 8, Index : 26, Amount : 0, UseTime : 0, Category : 6, Price : 20,SPOP : 0
00:24:03 Load Cash Item List, Type : 8, Index : 27, Amount : 0, UseTime : 0, Category : 6, Price : 20,SPOP : 0
00:24:03 Load Cash Item List, Type : 8, Index : 28, Amount : 0, UseTime : 0, Category : 6, Price : 25,SPOP : 0
00:24:03 Load Cash Item List, Type : 8, Index : 29, Amount : 0, UseTime : 0, Category : 6, Price : 30,SPOP : 0
00:24:03 Load Cash Item List, Type : 8, Index : 30, Amount : 0, UseTime : 0, Category : 6, Price : 30,SPOP : 0
00:24:03 Load Cash Item List, Type : 8, Index : 31, Amount : 0, UseTime : 0, Category : 6, Price : 30,SPOP : 0
00:24:03 Load Cash Item List, Type : 8, Index : 32, Amount : 0, UseTime : 0, Category : 6, Price : 30,SPOP : 0
00:24:03 Load Cash Item List, Type : 8, Index : 33, Amount : 0, UseTime : 0, Category : 6, Price : 30,SPOP : 0
00:24:03 Load Cash Item List, Type : 8, Index : 34, Amount : 0, UseTime : 0, Category : 6, Price : 30,SPOP : 0
00:24:03 Load Cash Item List, Type : 8, Index : 35, Amount : 0, UseTime : 0, Category : 6, Price : 35,SPOP : 0
00:24:03 Load Cash Item List, Type : 8, Index : 36, Amount : 0, UseTime : 0, Category : 6, Price : 35,SPOP : 0
00:24:03 Load Cash Item List, Type : 8, Index : 37, Amount : 0, UseTime : 0, Category : 6, Price : 35,SPOP : 0
00:24:03 Load Cash Item List, Type : 8, Index : 38, Amount : 0, UseTime : 0, Category : 6, Price : 35,SPOP : 0
00:24:03 Load Cash Item List, Type : 9, Index : 0, Amount : 0, UseTime : 0, Category : 7, Price : 10,SPOP : 0
00:24:03 Load Cash Item List, Type : 9, Index : 1, Amount : 0, UseTime : 0, Category : 7, Price : 10,SPOP : 0
00:24:03 Load Cash Item List, Type : 9, Index : 2, Amount : 0, UseTime : 0, Category : 7, Price : 10,SPOP : 0
00:24:03 Load Cash Item List, Type : 9, Index : 3, Amount : 0, UseTime : 0, Category : 7, Price : 15,SPOP : 0
00:24:03 Load Cash Item List, Type : 9, Index : 4, Amount : 0, UseTime : 0, Category : 7, Price : 15,SPOP : 0
00:24:03 Load Cash Item List, Type : 9, Index : 5, Amount : 0, UseTime : 0, Category : 7, Price : 15,SPOP : 0
00:24:03 Load Cash Item List, Type : 9, Index : 6, Amount : 0, UseTime : 0, Category : 7, Price : 15,SPOP : 0
00:24:03 Load Cash Item List, Type : 9, Index : 7, Amount : 0, UseTime : 0, Category : 7, Price : 15,SPOP : 0
00:24:03 Load Cash Item List, Type : 9, Index : 8, Amount : 0, UseTime : 0, Category : 7, Price : 15,SPOP : 0
00:24:03 Load Cash Item List, Type : 9, Index : 9, Amount : 0, UseTime : 0, Category : 7, Price : 15,SPOP : 0
00:24:03 Load Cash Item List, Type : 9, Index : 10, Amount : 0, UseTime : 0, Category : 7, Price : 15,SPOP : 0
00:24:03 Load Cash Item List, Type : 9, Index : 11, Amount : 0, UseTime : 0, Category : 7, Price : 15,SPOP : 0
00:24:03 Load Cash Item List, Type : 9, Index : 12, Amount : 0, UseTime : 0, Category : 7, Price : 15,SPOP : 0
00:24:03 Load Cash Item List, Type : 9, Index : 13, Amount : 0, UseTime : 0, Category : 7, Price : 15,SPOP : 0
00:24:03 Load Cash Item List, Type : 9, Index : 14, Amount : 0, UseTime : 0, Category : 7, Price : 15,SPOP : 0
00:24:03 Load Cash Item List, Type : 9, Index : 15, Amount : 0, UseTime : 0, Category : 7, Price : 15,SPOP : 0
00:24:03 Load Cash Item List, Type : 9, Index : 16, Amount : 0, UseTime : 0, Category : 7, Price : 20,SPOP : 0
00:24:03 Load Cash Item List, Type : 9, Index : 17, Amount : 0, UseTime : 0, Category : 7, Price : 20,SPOP : 0
00:24:03 Load Cash Item List, Type : 9, Index : 18, Amount : 0, UseTime : 0, Category : 7, Price : 20,SPOP : 0
00:24:03 Load Cash Item List, Type : 9, Index : 19, Amount : 0, UseTime : 0, Category : 7, Price : 20,SPOP : 0
00:24:03 Load Cash Item List, Type : 9, Index : 20, Amount : 0, UseTime : 0, Category : 7, Price : 20,SPOP : 0
00:24:03 Load Cash Item List, Type : 9, Index : 21, Amount : 0, UseTime : 0, Category : 7, Price : 25,SPOP : 0
00:24:03 Load Cash Item List, Type : 9, Index : 22, Amount : 0, UseTime : 0, Category : 7, Price : 25,SPOP : 0
00:24:03 Load Cash Item List, Type : 9, Index : 23, Amount : 0, UseTime : 0, Category : 7, Price : 25,SPOP : 0
00:24:03 Load Cash Item List, Type : 9, Index : 24, Amount : 0, UseTime : 0, Category : 7, Price : 25,SPOP : 0
00:24:03 Load Cash Item List, Type : 9, Index : 25, Amount : 0, UseTime : 0, Category : 7, Price : 25,SPOP : 0
00:24:03 Load Cash Item List, Type : 9, Index : 26, Amount : 0, UseTime : 0, Category : 7, Price : 20,SPOP : 0
00:24:03 Load Cash Item List, Type : 9, Index : 27, Amount : 0, UseTime : 0, Category : 7, Price : 20,SPOP : 0
00:24:03 Load Cash Item List, Type : 9, Index : 28, Amount : 0, UseTime : 0, Category : 7, Price : 25,SPOP : 0
00:24:03 Load Cash Item List, Type : 9, Index : 29, Amount : 0, UseTime : 0, Category : 7, Price : 30,SPOP : 0
00:24:03 Load Cash Item List, Type : 9, Index : 30, Amount : 0, UseTime : 0, Category : 7, Price : 30,SPOP : 0
00:24:03 Load Cash Item List, Type : 9, Index : 31, Amount : 0, UseTime : 0, Category : 7, Price : 30,SPOP : 0
00:24:03 Load Cash Item List, Type : 9, Index : 32, Amount : 0, UseTime : 0, Category : 7, Price : 30,SPOP : 0
00:24:03 Load Cash Item List, Type : 9, Index : 33, Amount : 0, UseTime : 0, Category : 7, Price : 30,SPOP : 0
00:24:03 Load Cash Item List, Type : 9, Index : 34, Amount : 0, UseTime : 0, Category : 7, Price : 30,SPOP : 0
00:24:03 Load Cash Item List, Type : 9, Index : 35, Amount : 0, UseTime : 0, Category : 7, Price : 35,SPOP : 0
00:24:03 Load Cash Item List, Type : 9, Index : 36, Amount : 0, UseTime : 0, Category : 7, Price : 35,SPOP : 0
00:24:03 Load Cash Item List, Type : 9, Index : 37, Amount : 0, UseTime : 0, Category : 7, Price : 35,SPOP : 0
00:24:03 Load Cash Item List, Type : 9, Index : 38, Amount : 0, UseTime : 0, Category : 7, Price : 35,SPOP : 0
00:24:03 Load Cash Item List, Type : 10, Index : 0, Amount : 0, UseTime : 0, Category : 8, Price : 10,SPOP : 0
00:24:03 Load Cash Item List, Type : 10, Index : 1, Amount : 0, UseTime : 0, Category : 8, Price : 10,SPOP : 0
00:24:03 Load Cash Item List, Type : 10, Index : 2, Amount : 0, UseTime : 0, Category : 8, Price : 10,SPOP : 0
00:24:03 Load Cash Item List, Type : 10, Index : 3, Amount : 0, UseTime : 0, Category : 8, Price : 15,SPOP : 0
00:24:03 Load Cash Item List, Type : 10, Index : 4, Amount : 0, UseTime : 0, Category : 8, Price : 15,SPOP : 0
00:24:03 Load Cash Item List, Type : 10, Index : 5, Amount : 0, UseTime : 0, Category : 8, Price : 15,SPOP : 0
00:24:03 Load Cash Item List, Type : 10, Index : 6, Amount : 0, UseTime : 0, Category : 8, Price : 15,SPOP : 0
00:24:03 Load Cash Item List, Type : 10, Index : 7, Amount : 0, UseTime : 0, Category : 8, Price : 15,SPOP : 0
00:24:03 Load Cash Item List, Type : 10, Index : 8, Amount : 0, UseTime : 0, Category : 8, Price : 15,SPOP : 0
00:24:03 Load Cash Item List, Type : 10, Index : 9, Amount : 0, UseTime : 0, Category : 8, Price : 15,SPOP : 0
00:24:03 Load Cash Item List, Type : 10, Index : 10, Amount : 0, UseTime : 0, Category : 8, Price : 15,SPOP : 0
00:24:03 Load Cash Item List, Type : 10, Index : 11, Amount : 0, UseTime : 0, Category : 8, Price : 15,SPOP : 0
00:24:03 Load Cash Item List, Type : 10, Index : 12, Amount : 0, UseTime : 0, Category : 8, Price : 15,SPOP : 0
00:24:03 Load Cash Item List, Type : 10, Index : 13, Amount : 0, UseTime : 0, Category : 8, Price : 15,SPOP : 0
00:24:03 Load Cash Item List, Type : 10, Index : 14, Amount : 0, UseTime : 0, Category : 8, Price : 15,SPOP : 0
00:24:03 Load Cash Item List, Type : 10, Index : 15, Amount : 0, UseTime : 0, Category : 8, Price : 20,SPOP : 0
00:24:03 Load Cash Item List, Type : 10, Index : 16, Amount : 0, UseTime : 0, Category : 8, Price : 20,SPOP : 0
00:24:03 Load Cash Item List, Type : 10, Index : 17, Amount : 0, UseTime : 0, Category : 8, Price : 20,SPOP : 0
00:24:03 Load Cash Item List, Type : 10, Index : 18, Amount : 0, UseTime : 0, Category : 8, Price : 20,SPOP : 0
00:24:03 Load Cash Item List, Type : 10, Index : 19, Amount : 0, UseTime : 0, Category : 8, Price : 20,SPOP : 0
00:24:03 Load Cash Item List, Type : 10, Index : 20, Amount : 0, UseTime : 0, Category : 8, Price : 20,SPOP : 0
00:24:03 Load Cash Item List, Type : 10, Index : 21, Amount : 0, UseTime : 0, Category : 8, Price : 25,SPOP : 0
00:24:03 Load Cash Item List, Type : 10, Index : 22, Amount : 0, UseTime : 0, Category : 8, Price : 25,SPOP : 0
00:24:03 Load Cash Item List, Type : 10, Index : 23, Amount : 0, UseTime : 0, Category : 8, Price : 25,SPOP : 0
00:24:03 Load Cash Item List, Type : 10, Index : 24, Amount : 0, UseTime : 0, Category : 8, Price : 25,SPOP : 0
00:24:03 Load Cash Item List, Type : 10, Index : 25, Amount : 0, UseTime : 0, Category : 8, Price : 25,SPOP : 0
00:24:03 Load Cash Item List, Type : 10, Index : 26, Amount : 0, UseTime : 0, Category : 8, Price : 20,SPOP : 0
00:24:03 Load Cash Item List, Type : 10, Index : 27, Amount : 0, UseTime : 0, Category : 8, Price : 20,SPOP : 0
00:24:03 Load Cash Item List, Type : 10, Index : 28, Amount : 0, UseTime : 0, Category : 8, Price : 25,SPOP : 0
00:24:03 Load Cash Item List, Type : 10, Index : 29, Amount : 0, UseTime : 0, Category : 8, Price : 30,SPOP : 0
00:24:03 Load Cash Item List, Type : 10, Index : 30, Amount : 0, UseTime : 0, Category : 8, Price : 30,SPOP : 0
00:24:03 Load Cash Item List, Type : 10, Index : 31, Amount : 0, UseTime : 0, Category : 8, Price : 30,SPOP : 0
00:24:03 Load Cash Item List, Type : 10, Index : 32, Amount : 0, UseTime : 0, Category : 8, Price : 30,SPOP : 0
00:24:03 Load Cash Item List, Type : 10, Index : 33, Amount : 0, UseTime : 0, Category : 8, Price : 30,SPOP : 0
00:24:03 Load Cash Item List, Type : 10, Index : 34, Amount : 0, UseTime : 0, Category : 8, Price : 30,SPOP : 0
00:24:03 Load Cash Item List, Type : 10, Index : 35, Amount : 0, UseTime : 0, Category : 8, Price : 35,SPOP : 0
00:24:03 Load Cash Item List, Type : 10, Index : 36, Amount : 0, UseTime : 0, Category : 8, Price : 35,SPOP : 0
00:24:03 Load Cash Item List, Type : 10, Index : 37, Amount : 0, UseTime : 0, Category : 8, Price : 35,SPOP : 0
00:24:03 Load Cash Item List, Type : 10, Index : 38, Amount : 0, UseTime : 0, Category : 8, Price : 35,SPOP : 0
00:24:03 Load Cash Item List, Type : 11, Index : 0, Amount : 0, UseTime : 0, Category : 9, Price : 10,SPOP : 0
00:24:03 Load Cash Item List, Type : 11, Index : 1, Amount : 0, UseTime : 0, Category : 9, Price : 10,SPOP : 0
00:24:03 Load Cash Item List, Type : 11, Index : 2, Amount : 0, UseTime : 0, Category : 9, Price : 10,SPOP : 0
00:24:03 Load Cash Item List, Type : 11, Index : 3, Amount : 0, UseTime : 0, Category : 9, Price : 15,SPOP : 0
00:24:03 Load Cash Item List, Type : 11, Index : 4, Amount : 0, UseTime : 0, Category : 9, Price : 15,SPOP : 0
00:24:03 Load Cash Item List, Type : 11, Index : 5, Amount : 0, UseTime : 0, Category : 9, Price : 15,SPOP : 0
00:24:03 Load Cash Item List, Type : 11, Index : 6, Amount : 0, UseTime : 0, Category : 9, Price : 15,SPOP : 0
00:24:03 Load Cash Item List, Type : 11, Index : 7, Amount : 0, UseTime : 0, Category : 9, Price : 15,SPOP : 0
00:24:03 Load Cash Item List, Type : 11, Index : 8, Amount : 0, UseTime : 0, Category : 9, Price : 15,SPOP : 0
00:24:03 Load Cash Item List, Type : 11, Index : 9, Amount : 0, UseTime : 0, Category : 9, Price : 15,SPOP : 0
00:24:03 Load Cash Item List, Type : 11, Index : 10, Amount : 0, UseTime : 0, Category : 9, Price : 15,SPOP : 0
00:24:03 Load Cash Item List, Type : 11, Index : 11, Amount : 0, UseTime : 0, Category : 9, Price : 15,SPOP : 0
00:24:03 Load Cash Item List, Type : 11, Index : 12, Amount : 0, UseTime : 0, Category : 9, Price : 15,SPOP : 0
00:24:03 Load Cash Item List, Type : 11, Index : 13, Amount : 0, UseTime : 0, Category : 9, Price : 15,SPOP : 0
00:24:03 Load Cash Item List, Type : 11, Index : 14, Amount : 0, UseTime : 0, Category : 9, Price : 15,SPOP : 0
00:24:03 Load Cash Item List, Type : 11, Index : 15, Amount : 0, UseTime : 0, Category : 9, Price : 20,SPOP : 0
00:24:03 Load Cash Item List, Type : 11, Index : 16, Amount : 0, UseTime : 0, Category : 9, Price : 20,SPOP : 0
00:24:03 Load Cash Item List, Type : 11, Index : 17, Amount : 0, UseTime : 0, Category : 9, Price : 20,SPOP : 0
00:24:03 Load Cash Item List, Type : 11, Index : 18, Amount : 0, UseTime : 0, Category : 9, Price : 20,SPOP : 0
00:24:03 Load Cash Item List, Type : 11, Index : 19, Amount : 0, UseTime : 0, Category : 9, Price : 20,SPOP : 0
00:24:03 Load Cash Item List, Type : 11, Index : 20, Amount : 0, UseTime : 0, Category : 9, Price : 20,SPOP : 0
00:24:03 Load Cash Item List, Type : 11, Index : 21, Amount : 0, UseTime : 0, Category : 9, Price : 25,SPOP : 0
00:24:03 Load Cash Item List, Type : 11, Index : 22, Amount : 0, UseTime : 0, Category : 9, Price : 25,SPOP : 0
00:24:03 Load Cash Item List, Type : 11, Index : 23, Amount : 0, UseTime : 0, Category : 9, Price : 25,SPOP : 0
00:24:03 Load Cash Item List, Type : 11, Index : 24, Amount : 0, UseTime : 0, Category : 9, Price : 25,SPOP : 0
00:24:03 Load Cash Item List, Type : 11, Index : 25, Amount : 0, UseTime : 0, Category : 9, Price : 25,SPOP : 0
00:24:03 Load Cash Item List, Type : 11, Index : 26, Amount : 0, UseTime : 0, Category : 9, Price : 20,SPOP : 0
00:24:03 Load Cash Item List, Type : 11, Index : 27, Amount : 0, UseTime : 0, Category : 9, Price : 20,SPOP : 0
00:24:03 Load Cash Item List, Type : 11, Index : 28, Amount : 0, UseTime : 0, Category : 9, Price : 25,SPOP : 0
00:24:03 Load Cash Item List, Type : 11, Index : 29, Amount : 0, UseTime : 0, Category : 9, Price : 30,SPOP : 0
00:24:03 Load Cash Item List, Type : 11, Index : 30, Amount : 0, UseTime : 0, Category : 9, Price : 30,SPOP : 0
00:24:03 Load Cash Item List, Type : 11, Index : 31, Amount : 0, UseTime : 0, Category : 9, Price : 30,SPOP : 0
00:24:03 Load Cash Item List, Type : 11, Index : 32, Amount : 0, UseTime : 0, Category : 9, Price : 30,SPOP : 0
00:24:03 Load Cash Item List, Type : 11, Index : 33, Amount : 0, UseTime : 0, Category : 9, Price : 30,SPOP : 0
00:24:03 Load Cash Item List, Type : 11, Index : 34, Amount : 0, UseTime : 0, Category : 9, Price : 30,SPOP : 0
00:24:03 Load Cash Item List, Type : 11, Index : 35, Amount : 0, UseTime : 0, Category : 9, Price : 35,SPOP : 0
00:24:03 Load Cash Item List, Type : 11, Index : 36, Amount : 0, UseTime : 0, Category : 9, Price : 35,SPOP : 0
00:24:03 Load Cash Item List, Type : 11, Index : 37, Amount : 0, UseTime : 0, Category : 9, Price : 35,SPOP : 0
00:24:03 Load Cash Item List, Type : 11, Index : 38, Amount : 0, UseTime : 0, Category : 9, Price : 35,SPOP : 0
00:24:03 Load Cash Item List, Type : 12, Index : 0, Amount : 0, UseTime : 0, Category : 10, Price : 1000,SPOP : 0
00:24:03 Load Cash Item List, Type : 12, Index : 1, Amount : 0, UseTime : 0, Category : 10, Price : 1000,SPOP : 0
00:24:03 Load Cash Item List, Type : 12, Index : 2, Amount : 0, UseTime : 0, Category : 10, Price : 1000,SPOP : 0
00:24:03 Load Cash Item List, Type : 12, Index : 3, Amount : 0, UseTime : 0, Category : 10, Price : 1000,SPOP : 0
00:24:03 Load Cash Item List, Type : 12, Index : 4, Amount : 0, UseTime : 0, Category : 10, Price : 1000,SPOP : 0
00:24:03 Load Cash Item List, Type : 12, Index : 5, Amount : 0, UseTime : 0, Category : 10, Price : 1000,SPOP : 0
00:24:03 Load Cash Item List, Type : 13, Index : 30, Amount : 0, UseTime : 0, Category : 10, Price : 1000,SPOP : 0
00:24:03 Load Cash Item List, Type : 12, Index : 6, Amount : 0, UseTime : 0, Category : 10, Price : 1000,SPOP : 0
00:24:03 Load Cash Item List, Type : 12, Index : 36, Amount : 0, UseTime : 0, Category : 10, Price : 2000,SPOP : 0
00:24:03 Load Cash Item List, Type : 12, Index : 37, Amount : 0, UseTime : 0, Category : 10, Price : 2000,SPOP : 0
00:24:03 Load Cash Item List, Type : 12, Index : 38, Amount : 0, UseTime : 0, Category : 10, Price : 2000,SPOP : 0
00:24:03 Load Cash Item List, Type : 12, Index : 39, Amount : 0, UseTime : 0, Category : 10, Price : 2000,SPOP : 0
00:24:03 Load Cash Item List, Type : 12, Index : 40, Amount : 0, UseTime : 0, Category : 10, Price : 2000,SPOP : 0
00:24:03 Load Cash Item List, Type : 13, Index : 8, Amount : 0, UseTime : 0, Category : 11, Price : 20,SPOP : 0
00:24:03 Load Cash Item List, Type : 13, Index : 9, Amount : 0, UseTime : 0, Category : 11, Price : 20,SPOP : 0
00:24:03 Load Cash Item List, Type : 13, Index : 12, Amount : 0, UseTime : 0, Category : 11, Price : 20,SPOP : 0
00:24:03 Load Cash Item List, Type : 13, Index : 13, Amount : 0, UseTime : 0, Category : 11, Price : 20,SPOP : 0
00:24:03 Load Cash Item List, Type : 13, Index : 21, Amount : 0, UseTime : 0, Category : 11, Price : 20,SPOP : 0
00:24:03 Load Cash Item List, Type : 13, Index : 22, Amount : 0, UseTime : 0, Category : 11, Price : 20,SPOP : 0
00:24:03 Load Cash Item List, Type : 13, Index : 23, Amount : 0, UseTime : 0, Category : 11, Price : 20,SPOP : 0
00:24:03 Load Cash Item List, Type : 13, Index : 24, Amount : 0, UseTime : 0, Category : 11, Price : 20,SPOP : 0
00:24:03 Load Cash Item List, Type : 13, Index : 25, Amount : 0, UseTime : 0, Category : 11, Price : 20,SPOP : 0
00:24:03 Load Cash Item List, Type : 13, Index : 26, Amount : 0, UseTime : 0, Category : 11, Price : 20,SPOP : 0
00:24:03 Load Cash Item List, Type : 13, Index : 27, Amount : 0, UseTime : 0, Category : 11, Price : 20,SPOP : 0
00:24:03 Load Cash Item List, Type : 13, Index : 28, Amount : 0, UseTime : 0, Category : 11, Price : 20,SPOP : 0
00:24:03 Load Cash Item List, Type : 14, Index : 84, Amount : 0, UseTime : 0, Category : 12, Price : 50,SPOP : 0
00:24:03 Load Cash Item List, Type : 14, Index : 85, Amount : 0, UseTime : 0, Category : 12, Price : 50,SPOP : 0
00:24:03 Load Cash Item List, Type : 14, Index : 86, Amount : 0, UseTime : 0, Category : 12, Price : 50,SPOP : 0
00:24:03 Load Cash Item List, Type : 14, Index : 87, Amount : 0, UseTime : 0, Category : 12, Price : 50,SPOP : 0
00:24:03 Load Cash Item List, Type : 13, Index : 46, Amount : 0, UseTime : 0, Category : 12, Price : 50,SPOP : 0
00:24:03 Load Cash Item List, Type : 13, Index : 47, Amount : 0, UseTime : 0, Category : 12, Price : 50,SPOP : 0
00:24:03 Load Cash Item List, Type : 13, Index : 48, Amount : 0, UseTime : 0, Category : 12, Price : 50,SPOP : 0
00:24:03 Load Cash Item List, Type : 14, Index : 53, Amount : 0, UseTime : 0, Category : 12, Price : 50,SPOP : 0
00:24:03 Load Cash Item List, Type : 14, Index : 54, Amount : 0, UseTime : 0, Category : 12, Price : 50,SPOP : 0
00:24:03 Load Cash Item, Count:353
00:24:03 Load Branch Item List, BranchID : 1 ItemGuid : 2
00:24:03 Load Branch Item List, BranchID : 1 ItemGuid : 3
00:24:03 Load Branch Item List, BranchID : 1 ItemGuid : 4
00:24:03 Load Branch Item List, BranchID : 1 ItemGuid : 5
00:24:03 Load Branch Item List, BranchID : 1 ItemGuid : 6
00:24:03 Load Branch Item List, BranchID : 1 ItemGuid : 7
00:24:03 Load Branch Item List, BranchID : 1 ItemGuid : 8
00:24:03 Load Branch Item List, BranchID : 1 ItemGuid : 9
00:24:03 Load Branch Item List, BranchID : 1 ItemGuid : 10
00:24:03 Load Branch Item List, BranchID : 1 ItemGuid : 11
00:24:03 Load Branch Item List, BranchID : 1 ItemGuid : 12
00:24:03 Load Branch Item List, BranchID : 1 ItemGuid : 13
00:24:03 Load Branch Item List, BranchID : 1 ItemGuid : 14
00:24:03 Load Branch Item List, BranchID : 1 ItemGuid : 15
00:24:03 Load Branch Item List,Count : 14
00:24:03 [ANTI-HACKING][IP LIST] IP : [127.0.0.1]
00:24:03 [IP List Load]-AllowableIpList.txt file is Loaded
00:24:03 WZItemShopServer Run...
00:24:03 Connecting to SQL server...
00:24:04 SQL server connected !
00:24:06 127.0.0.1:49767 Connected!
00:24:06 127.0.0.1:49767 Send Cash Branch Item List to GameServer.
00:24:06 127.0.0.1:49767 Send Cash Item List to GameServer.
00:24:12 127.0.0.1:49774 Connected!
00:24:12 127.0.0.1:49774 Send Cash Branch Item List to GameServer.
00:24:12 127.0.0.1:49774 Send Cash Item List to GameServer.
00:25:06 select cash from memb_info where memb_guid = 8
