06:09:39p JoinServer Connected
[GameServer][127.0.0.1:55901] GameServer Connect 
[Siege][127.0.0.1:55919] GameServer Connect 
06:11:14p [ruan] (192.168.1.106) User Login
06:11:50p 맵이동 알림 들어옴: ruan
06:11:50p 맵이동 알림 등록 [ruan]
06:11:50p 맵이동 요청 들어옴 [ruan]
06:11:50p 맵이동 요청 성공 [ruan]
06:12:04p 맵이동 알림 들어옴: ruan
06:12:04p 맵이동 알림 등록 [ruan]
06:12:04p 맵이동 요청 들어옴 [ruan]
06:12:04p 맵이동 요청 성공 [ruan]
06:14:10p [192.168.1.106][ruan] User Connect Close UseTime [2]Min
06:14:14p [ruan] (192.168.1.106) User Login
06:28:41p 맵이동 알림 들어옴: ruan
06:28:41p 맵이동 알림 등록 [ruan]
06:28:41p 맵이동 요청 들어옴 [ruan]
06:28:41p 맵이동 요청 성공 [ruan]
06:29:22p 맵이동 알림 들어옴: ruan
06:29:22p 맵이동 알림 등록 [ruan]
06:29:22p 맵이동 요청 들어옴 [ruan]
06:29:22p 맵이동 요청 성공 [ruan]
06:36:00p 맵이동 알림 들어옴: ruan
06:36:00p 맵이동 알림 등록 [ruan]
06:36:00p 맵이동 요청 들어옴 [ruan]
06:36:00p 맵이동 요청 성공 [ruan]
06:36:21p 맵이동 알림 들어옴: ruan
06:36:21p 맵이동 알림 등록 [ruan]
06:36:21p 맵이동 요청 들어옴 [ruan]
06:36:21p 맵이동 요청 성공 [ruan]
06:38:03p 맵이동 알림 들어옴: ruan
06:38:03p 맵이동 알림 등록 [ruan]
06:38:03p 맵이동 요청 들어옴 [ruan]
06:38:03p 맵이동 요청 성공 [ruan]
06:38:57p 맵이동 알림 들어옴: ruan
06:38:57p 맵이동 알림 등록 [ruan]
06:38:57p 맵이동 요청 들어옴 [ruan]
06:38:57p 맵이동 요청 성공 [ruan]
06:39:03p 맵이동 알림 들어옴: ruan
06:39:03p 맵이동 알림 등록 [ruan]
06:39:03p 맵이동 요청 들어옴 [ruan]
06:39:03p 맵이동 요청 성공 [ruan]
06:40:35p 맵이동 알림 들어옴: ruan
06:40:35p 맵이동 알림 등록 [ruan]
06:40:35p 맵이동 요청 들어옴 [ruan]
06:40:35p 맵이동 요청 성공 [ruan]
06:40:56p 맵이동 알림 들어옴: ruan
06:40:56p 맵이동 알림 등록 [ruan]
06:40:56p 맵이동 요청 들어옴 [ruan]
06:40:56p 맵이동 요청 성공 [ruan]
06:41:02p 맵이동 알림 들어옴: ruan
06:41:02p 맵이동 알림 등록 [ruan]
06:41:02p 맵이동 요청 들어옴 [ruan]
06:41:02p 맵이동 요청 성공 [ruan]
06:43:02p 맵이동 알림 들어옴: ruan
06:43:02p 맵이동 알림 등록 [ruan]
06:43:02p 맵이동 요청 들어옴 [ruan]
06:43:02p 맵이동 요청 성공 [ruan]
06:43:21p 맵이동 알림 들어옴: ruan
06:43:21p 맵이동 알림 등록 [ruan]
06:43:21p 맵이동 요청 들어옴 [ruan]
06:43:21p 맵이동 요청 성공 [ruan]
06:43:28p 맵이동 알림 들어옴: ruan
06:43:28p 맵이동 알림 등록 [ruan]
06:43:28p 맵이동 요청 들어옴 [ruan]
06:43:28p 맵이동 요청 성공 [ruan]
06:43:31p 맵이동 알림 들어옴: ruan
06:43:31p 맵이동 알림 등록 [ruan]
06:43:31p 맵이동 요청 들어옴 [ruan]
06:43:31p 맵이동 요청 성공 [ruan]
06:44:16p 맵이동 알림 들어옴: ruan
06:44:16p 맵이동 알림 등록 [ruan]
06:44:16p 맵이동 요청 들어옴 [ruan]
06:44:16p 맵이동 요청 성공 [ruan]
06:44:19p 맵이동 알림 들어옴: ruan
06:44:19p 맵이동 알림 등록 [ruan]
06:44:19p 맵이동 요청 들어옴 [ruan]
06:44:19p 맵이동 요청 성공 [ruan]
06:44:29p 맵이동 알림 들어옴: ruan
06:44:29p 맵이동 알림 등록 [ruan]
06:44:29p 맵이동 요청 들어옴 [ruan]
06:44:29p 맵이동 요청 성공 [ruan]
06:44:40p 맵이동 알림 들어옴: ruan
06:44:40p 맵이동 알림 등록 [ruan]
06:44:40p 맵이동 요청 들어옴 [ruan]
06:44:40p 맵이동 요청 성공 [ruan]
06:44:43p 맵이동 알림 들어옴: ruan
06:44:43p 맵이동 알림 등록 [ruan]
06:44:43p 맵이동 요청 들어옴 [ruan]
06:44:43p 맵이동 요청 성공 [ruan]
06:46:10p 맵이동 알림 들어옴: ruan
06:46:10p 맵이동 알림 등록 [ruan]
06:46:10p 맵이동 요청 들어옴 [ruan]
06:46:10p 맵이동 요청 성공 [ruan]
06:46:31p 맵이동 알림 들어옴: ruan
06:46:31p 맵이동 알림 등록 [ruan]
06:46:31p 맵이동 요청 들어옴 [ruan]
06:46:31p 맵이동 요청 성공 [ruan]
06:46:32p 맵이동 알림 들어옴: ruan
06:46:32p 맵이동 알림 등록 [ruan]
06:46:32p 맵이동 요청 들어옴 [ruan]
06:46:32p 맵이동 요청 성공 [ruan]
06:47:01p 맵이동 알림 들어옴: ruan
06:47:01p 맵이동 알림 등록 [ruan]
06:47:01p 맵이동 요청 들어옴 [ruan]
06:47:01p 맵이동 요청 성공 [ruan]
06:47:13p 맵이동 알림 들어옴: ruan
06:47:13p 맵이동 알림 등록 [ruan]
06:47:13p 맵이동 요청 들어옴 [ruan]
06:47:13p 맵이동 요청 성공 [ruan]
06:47:18p 맵이동 알림 들어옴: ruan
06:47:18p 맵이동 알림 등록 [ruan]
06:47:18p 맵이동 요청 들어옴 [ruan]
06:47:18p 맵이동 요청 성공 [ruan]
06:47:44p 맵이동 알림 들어옴: ruan
06:47:44p 맵이동 알림 등록 [07:39:14p JoinServer Connected
[GameServer][127.0.0.1:55901] GameServer Connect 
[Siege][127.0.0.1:55919] GameServer Connect 
07:40:56p [ruan] (192.168.1.106) User Login
07:42:50p [192.168.1.106][ruan] User Connect Close UseTime [1]Min
[GameServer][127.0.0.1:55901] GameServer Close
07:42:50p error-L2:CloseClient 0 (종료)
[GameServer][127.0.0.1:55901] GameServer Connect 
07:43:32p [ruan] (192.168.1.106) User Login
07:48:26p [192.168.1.106][ruan] User Connect Close UseTime [4]Min
08:49:08p [ruan] (192.168.1.106) User Login
